build/intermediates/proguard-rules/release/aapt_rules.txt
# Generated by the gradle plugin
-keep class android.support.multidex.MultiDexApplication { <init>(...); }