build/outputs/mapping/release/seeds.txt
io.digitalaudience.datoolkit.R
io.digitalaudience.datoolkit.R$array
io.digitalaudience.datoolkit.R$array: int cast_expanded_controller_default_control_buttons
io.digitalaudience.datoolkit.R$array: int cast_mini_controller_default_control_buttons
io.digitalaudience.datoolkit.R$attr
io.digitalaudience.datoolkit.R$attr: int adSize
io.digitalaudience.datoolkit.R$attr: int adSizes
io.digitalaudience.datoolkit.R$attr: int adUnitId
io.digitalaudience.datoolkit.R$attr: int allowShortcuts
io.digitalaudience.datoolkit.R$attr: int ambientEnabled
io.digitalaudience.datoolkit.R$attr: int appTheme
io.digitalaudience.datoolkit.R$attr: int buttonSize
io.digitalaudience.datoolkit.R$attr: int buyButtonAppearance
io.digitalaudience.datoolkit.R$attr: int buyButtonHeight
io.digitalaudience.datoolkit.R$attr: int buyButtonText
io.digitalaudience.datoolkit.R$attr: int buyButtonWidth
io.digitalaudience.datoolkit.R$attr: int cameraBearing
io.digitalaudience.datoolkit.R$attr: int cameraMaxZoomPreference
io.digitalaudience.datoolkit.R$attr: int cameraMinZoomPreference
io.digitalaudience.datoolkit.R$attr: int cameraTargetLat
io.digitalaudience.datoolkit.R$attr: int cameraTargetLng
io.digitalaudience.datoolkit.R$attr: int cameraTilt
io.digitalaudience.datoolkit.R$attr: int cameraZoom
io.digitalaudience.datoolkit.R$attr: int castBackground
io.digitalaudience.datoolkit.R$attr: int castBackgroundColor
io.digitalaudience.datoolkit.R$attr: int castButtonBackgroundColor
io.digitalaudience.datoolkit.R$attr: int castButtonColor
io.digitalaudience.datoolkit.R$attr: int castButtonText
io.digitalaudience.datoolkit.R$attr: int castButtonTextAppearance
io.digitalaudience.datoolkit.R$attr: int castClosedCaptionsButtonDrawable
io.digitalaudience.datoolkit.R$bool
io.digitalaudience.datoolkit.R$bool: int abc_action_bar_embed_tabs
io.digitalaudience.datoolkit.R$color
io.digitalaudience.datoolkit.R$color: int cast_expanded_controller_ad_container_white_stripe_color
io.digitalaudience.datoolkit.R$color: int cast_expanded_controller_ad_label_background_color
io.digitalaudience.datoolkit.R$color: int cast_expanded_controller_background_color
io.digitalaudience.datoolkit.R$color: int cast_expanded_controller_progress_text_color
io.digitalaudience.datoolkit.R$color: int cast_expanded_controller_seek_bar_progress_background_tint_color
io.digitalaudience.datoolkit.R$color: int cast_expanded_controller_text_color
io.digitalaudience.datoolkit.R$color: int cast_intro_overlay_background_color
io.digitalaudience.datoolkit.R$color: int cast_intro_overlay_button_background_color
io.digitalaudience.datoolkit.R$color: int cast_libraries_material_featurehighlight_outer_highlight_default_color
io.digitalaudience.datoolkit.R$color: int cast_libraries_material_featurehighlight_text_body_color
io.digitalaudience.datoolkit.R$color: int cast_libraries_material_featurehighlight_text_header_color
io.digitalaudience.datoolkit.R$color: int common_google_signin_btn_text_dark
io.digitalaudience.datoolkit.R$color: int common_google_signin_btn_text_dark_default
io.digitalaudience.datoolkit.R$color: int common_google_signin_btn_text_dark_disabled
io.digitalaudience.datoolkit.R$color: int common_google_signin_btn_text_dark_focused
io.digitalaudience.datoolkit.R$color: int common_google_signin_btn_text_dark_pressed
...
android.support.coreutils.R$style
android.support.coreutils.R$style: int TextAppearance_Compat_Notification
android.support.coreutils.R$style: int TextAppearance_Compat_Notification_Info
android.support.coreutils.R$style: int TextAppearance_Compat_Notification_Line2
android.support.coreutils.R$style: int TextAppearance_Compat_Notification_Time
android.support.coreutils.R$style: int TextAppearance_Compat_Notification_Title
android.support.coreutils.R$style: int Widget_Compat_NotificationActionContainer
android.support.coreutils.R$style: int Widget_Compat_NotificationActionText
android.support.coreutils.R$styleable
android.support.coreutils.R$styleable: int[] FontFamily
android.support.coreutils.R$styleable: int FontFamily_fontProviderAuthority
android.support.coreutils.R$styleable: int FontFamily_fontProviderCerts
android.support.coreutils.R$styleable: int FontFamily_fontProviderFetchStrategy
android.support.coreutils.R$styleable: int FontFamily_fontProviderFetchTimeout
android.support.coreutils.R$styleable: int FontFamily_fontProviderPackage
android.support.coreutils.R$styleable: int FontFamily_fontProviderQuery
android.support.coreutils.R$styleable: int[] FontFamilyFont
android.support.coreutils.R$styleable: int FontFamilyFont_font
android.support.coreutils.R$styleable: int FontFamilyFont_fontStyle
android.support.coreutils.R$styleable: int FontFamilyFont_fontWeight
android.support.fragment.R
android.support.fragment.R$attr
android.support.fragment.R$attr: int font
android.support.fragment.R$attr: int fontProviderAuthority
android.support.fragment.R$attr: int fontProviderCerts
android.support.fragment.R$attr: int fontProviderFetchStrategy
android.support.fragment.R$attr: int fontProviderFetchTimeout
android.support.fragment.R$attr: int fontProviderPackage
android.support.fragment.R$attr: int fontProviderQuery
android.support.fragment.R$attr: int fontStyle
android.support.fragment.R$attr: int fontWeight
android.support.fragment.R$bool
android.support.fragment.R$bool: int abc_action_bar_embed_tabs
android.support.fragment.R$color
android.support.fragment.R$color: int notification_action_color_filter
android.support.fragment.R$color: int notification_icon_bg_color
android.support.fragment.R$color: int ripple_material_light
android.support.fragment.R$color: int secondary_text_default_material_light
android.support.fragment.R$dimen
android.support.fragment.R$dimen: int compat_button_inset_horizontal_material
android.support.fragment.R$dimen: int compat_button_inset_vertical_material
android.support.fragment.R$dimen: int compat_button_padding_horizontal_material
android.support.fragment.R$dimen: int compat_button_padding_vertical_material
android.support.fragment.R$dimen: int compat_control_corner_material
android.support.fragment.R$dimen: int notification_action_icon_size
android.support.fragment.R$dimen: int notification_action_text_size
android.support.fragment.R$dimen: int notification_big_circle_margin
android.support.fragment.R$dimen: int notification_content_margin_start
android.support.fragment.R$dimen: int notification_large_icon_height
android.support.fragment.R$dimen: int notification_large_icon_width
android.support.fragment.R$dimen: int notification_main_column_padding_top
android.support.fragment.R$dimen: int notification_media_narrow_margin
android.support.fragment.R$dimen: int notification_right_icon_size
android.support.fragment.R$dimen: int notification_right_side_padding_top
android.support.fragment.R$dimen: int notification_small_icon_background_padding
android.support.fragment.R$dimen: int notification_small_icon_size_as_large
android.support.fragment.R$dimen: int notification_subtext_size
android.support.fragment.R$dimen: int notification_top_pad
android.support.fragment.R$dimen: int notification_top_pad_large_text